* using log directory ‘/Users/davidflast/Documents/MoreFilesYouNeed/squaresPack.Rcheck’
* using R version 3.2.3 (2015-12-10)
* using platform: x86_64-apple-darwin13.4.0 (64-bit)
* using session charset: UTF-8
* checking for file ‘squaresPack/DESCRIPTION’ ... OK
* this is package ‘squaresPack’ version ‘0.1’
* checking package namespace information ... OK
* checking package dependencies ... OK
* checking if this is a source package ... OK
* checking if there is a namespace ... OK
* checking for executable files ... OK
* checking for hidden files and directories ... NOTE
Found the following hidden files and directories:
  .DS_Store
  R/.DS_Store
  data/.DS_Store
  data/.Rapp.history
  demo/.DS_Store
  man/.Rapp.history
  tests/.DS_Store
  tests/testthat/.DS_Store
These were most likely included in error. See section ‘Package
structure’ in the ‘Writing R Extensions’ manual.
* checking for portable file names ... OK
* checking for sufficient/correct file permissions ... OK
* checking whether package ‘squaresPack’ can be installed ... ERROR
Installation failed.
See ‘/Users/davidflast/Documents/MoreFilesYouNeed/squaresPack.Rcheck/00install.out’ for details.
* DONE
Status: 1 ERROR, 1 NOTE
